# JRE version: Java(TM) SE Runtime Environment (8.0_411) (build 1.8.0_411-b09)
# Java VM: Java HotSpot(TM) 64-Bit Server VM (25.411-b09 mixed mode windows-amd64 compressed oops)
Heap:
 PSYoungGen      total 271360K, used 184566K [0x00000000d6580000, 0x00000000e8580000, 0x0000000100000000)
  eden space 257024K, 66% used [0x00000000d6580000,0x00000000e0bc5bd8,0x00000000e6080000)
  from space 14336K, 99% used [0x00000000e7180000,0x00000000e7f78010,0x00000000e7f80000)
  to   space 17408K, 0% used [0x00000000e6080000,0x00000000e6080000,0x00000000e7180000)
 ParOldGen       total 86016K, used 16051K [0x0000000083000000, 0x0000000088400000, 0x00000000d6580000)
  object space 86016K, 18% used [0x0000000083000000,0x0000000083facc90,0x0000000088400000)
 Metaspace       used 13459K, capacity 13707K, committed 13824K, reserved 1060864K
  class space    used 1682K, capacity 1771K, committed 1792K, reserved 1048576K
GC Heap History (10 events):
Event: 1.471 GC heap before
{Heap before GC invocations=4 (full 0):
 PSYoungGen      total 37888K, used 37872K [0x00000000d6580000, 0x00000000daf80000, 0x0000000100000000)
  eden space 32768K, 100% used [0x00000000d6580000,0x00000000d8580000,0x00000000d8580000)
  from space 5120K, 99% used [0x00000000d8580000,0x00000000d8a7c020,0x00000000d8a80000)
  to   space 5120K, 0% used [0x00000000daa80000,0x00000000daa80000,0x00000000daf80000)
 ParOldGen       total 86016K, used 2154K [0x0000000083000000, 0x0000000088400000, 0x00000000d6580000)
  object space 86016K, 2% used [0x0000000083000000,0x000000008321ab20,0x0000000088400000)
 Metaspace       used 13331K, capacity 13635K, committed 13824K, reserved 1060864K
  class space    used 1673K, capacity 1771K, committed 1792K, reserved 1048576K
Event: 1.478 GC heap after
Heap after GC invocations=4 (full 0):
 PSYoungGen      total 70656K, used 5104K [0x00000000d6580000, 0x00000000daf80000, 0x0000000100000000)
  eden space 65536K, 0% used [0x00000000d6580000,0x00000000d6580000,0x00000000da580000)
  from space 5120K, 99% used [0x00000000daa80000,0x00000000daf7c020,0x00000000daf80000)
  to   space 5120K, 0% used [0x00000000da580000,0x00000000da580000,0x00000000daa80000)
 ParOldGen       total 86016K, used 4234K [0x0000000083000000, 0x0000000088400000, 0x00000000d6580000)
  object space 86016K, 4% used [0x0000000083000000,0x0000000083422b20,0x0000000088400000)
 Metaspace       used 13331K, capacity 13635K, committed 13824K, reserved 1060864K
  class space    used 1673K, capacity 1771K, committed 1792K, reserved 1048576K
}
Event: 1.544 GC heap before
{Heap before GC invocations=5 (full 0):
 PSYoungGen      total 70656K, used 70640K [0x00000000d6580000, 0x00000000daf80000, 0x0000000100000000)
  eden space 65536K, 100% used [0x00000000d6580000,0x00000000da580000,0x00000000da580000)
  from space 5120K, 99% used [0x00000000daa80000,0x00000000daf7c020,0x00000000daf80000)
  to   space 5120K, 0% used [0x00000000da580000,0x00000000da580000,0x00000000daa80000)
 ParOldGen       total 86016K, used 4234K [0x0000000083000000, 0x0000000088400000, 0x00000000d6580000)
  object space 86016K, 4% used [0x0000000083000000,0x0000000083422b20,0x0000000088400000)
 Metaspace       used 13401K, capacity 13699K, committed 13824K, reserved 1060864K
  class space    used 1680K, capacity 1771K, committed 1792K, reserved 1048576K
Event: 1.554 GC heap after
Heap after GC invocations=5 (full 0):
 PSYoungGen      total 70656K, used 5088K [0x00000000d6580000, 0x00000000df880000, 0x0000000100000000)
  eden space 65536K, 0% used [0x00000000d6580000,0x00000000d6580000,0x00000000da580000)
  from space 5120K, 99% used [0x00000000da580000,0x00000000daa78010,0x00000000daa80000)
  to   space 9728K, 0% used [0x00000000def00000,0x00000000def00000,0x00000000df880000)
 ParOldGen       total 86016K, used 8194K [0x0000000083000000, 0x0000000088400000, 0x00000000d6580000)
  object space 86016K, 9% used [0x0000000083000000,0x0000000083800b20,0x0000000088400000)
 Metaspace       used 13401K, capacity 13699K, committed 13824K, reserved 1060864K
  class space    used 1680K, capacity 1771K, committed 1792K, reserved 1048576K
}
Event: 1.593 GC heap before
{Heap before GC invocations=6 (full 0):
 PSYoungGen      total 70656K, used 70624K [0x00000000d6580000, 0x00000000df880000, 0x0000000100000000)
  eden space 65536K, 100% used [0x00000000d6580000,0x00000000da580000,0x00000000da580000)
  from space 5120K, 99% used [0x00000000da580000,0x00000000daa78010,0x00000000daa80000)
  to   space 9728K, 0% used [0x00000000def00000,0x00000000def00000,0x00000000df880000)
 ParOldGen       total 86016K, used 8194K [0x0000000083000000, 0x0000000088400000, 0x00000000d6580000)
  object space 86016K, 9% used [0x0000000083000000,0x0000000083800b20,0x0000000088400000)
 Metaspace       used 13425K, capacity 13699K, committed 13824K, reserved 1060864K
  class space    used 1680K, capacity 1771K, committed 1792K, reserved 1048576K
Event: 1.602 GC heap after
Heap after GC invocations=6 (full 0):
 PSYoungGen      total 139776K, used 8832K [0x00000000d6580000, 0x00000000dfa80000, 0x0000000100000000)
  eden space 130048K, 0% used [0x00000000d6580000,0x00000000d6580000,0x00000000de480000)
  from space 9728K, 90% used [0x00000000def00000,0x00000000df7a0030,0x00000000df880000)
  to   space 10752K, 0% used [0x00000000de480000,0x00000000de480000,0x00000000def00000)
 ParOldGen       total 86016K, used 8202K [0x0000000083000000, 0x0000000088400000, 0x00000000d6580000)
  object space 86016K, 9% used [0x0000000083000000,0x0000000083802b20,0x0000000088400000)
 Metaspace       used 13425K, capacity 13699K, committed 13824K, reserved 1060864K
  class space    used 1680K, capacity 1771K, committed 1792K, reserved 1048576K
}
Event: 1.716 GC heap before
{Heap before GC invocations=7 (full 0):
 PSYoungGen      total 139776K, used 138880K [0x00000000d6580000, 0x00000000dfa80000, 0x0000000100000000)
  eden space 130048K, 100% used [0x00000000d6580000,0x00000000de480000,0x00000000de480000)
  from space 9728K, 90% used [0x00000000def00000,0x00000000df7a0030,0x00000000df880000)
  to   space 10752K, 0% used [0x00000000de480000,0x00000000de480000,0x00000000def00000)
 ParOldGen       total 86016K, used 8202K [0x0000000083000000, 0x0000000088400000, 0x00000000d6580000)
  object space 86016K, 9% used [0x0000000083000000,0x0000000083802b20,0x0000000088400000)
 Metaspace       used 13426K, capacity 13699K, committed 13824K, reserved 1060864K
  class space    used 1680K, capacity 1771K, committed 1792K, reserved 1048576K
Event: 1.737 GC heap after
Heap after GC invocations=7 (full 0):
 PSYoungGen      total 140800K, used 10720K [0x00000000d6580000, 0x00000000e7f80000, 0x0000000100000000)
  eden space 130048K, 0% used [0x00000000d6580000,0x00000000d6580000,0x00000000de480000)
  from space 10752K, 99% used [0x00000000de480000,0x00000000deef8010,0x00000000def00000)
  to   space 14336K, 0% used [0x00000000e7180000,0x00000000e7180000,0x00000000e7f80000)
 ParOldGen       total 86016K, used 13099K [0x0000000083000000, 0x0000000088400000, 0x00000000d6580000)
  object space 86016K, 15% used [0x0000000083000000,0x0000000083ccac90,0x0000000088400000)
 Metaspace       used 13426K, capacity 13699K, committed 13824K, reserved 1060864K
  class space    used 1680K, capacity 1771K, committed 1792K, reserved 1048576K
}
Event: 1.809 GC heap before
{Heap before GC invocations=8 (full 0):
 PSYoungGen      total 140800K, used 140768K [0x00000000d6580000, 0x00000000e7f80000, 0x0000000100000000)
  eden space 130048K, 100% used [0x00000000d6580000,0x00000000de480000,0x00000000de480000)
  from space 10752K, 99% used [0x00000000de480000,0x00000000deef8010,0x00000000def00000)
  to   space 14336K, 0% used [0x00000000e7180000,0x00000000e7180000,0x00000000e7f80000)
 ParOldGen       total 86016K, used 13099K [0x0000000083000000, 0x0000000088400000, 0x00000000d6580000)
  object space 86016K, 15% used [0x0000000083000000,0x0000000083ccac90,0x0000000088400000)
 Metaspace       used 13428K, capacity 13707K, committed 13824K, reserved 1060864K
  class space    used 1680K, capacity 1771K, committed 1792K, reserved 1048576K
Event: 1.827 GC heap after
Heap after GC invocations=8 (full 0):
 PSYoungGen      total 271360K, used 14304K [0x00000000d6580000, 0x00000000e8580000, 0x0000000100000000)
  eden space 257024K, 0% used [0x00000000d6580000,0x00000000d6580000,0x00000000e6080000)
  from space 14336K, 99% used [0x00000000e7180000,0x00000000e7f78010,0x00000000e7f80000)
  to   space 17408K, 0% used [0x00000000e6080000,0x00000000e6080000,0x00000000e7180000)
 ParOldGen       total 86016K, used 16051K [0x0000000083000000, 0x0000000088400000, 0x00000000d6580000)
  object space 86016K, 18% used [0x0000000083000000,0x0000000083facc90,0x0000000088400000)
 Metaspace       used 13428K, capacity 13707K, committed 13824K, reserved 1060864K
  class space    used 1680K, capacity 1771K, committed 1792K, reserved 1048576K
}

